<?xml version="1.0" encoding="UTF-8"?>
<testng-results ignored="0" total="1" passed="1" failed="0" skipped="0">
  <reporter-output>
  </reporter-output>
  <suite started-at="2022-10-30T16:01:44 IST" name="Default suite" finished-at="2022-10-30T16:02:06 IST" duration-ms="21677">
    <groups>
    </groups>
    <test started-at="2022-10-30T16:01:44 IST" name="Default test" finished-at="2022-10-30T16:02:06 IST" duration-ms="21677">
      <class name="jenkinsseleniumproject.AmazonPage">
        <test-method signature="login()[pri:0, instance:jenkinsseleniumproject.AmazonPage@4803b726]" started-at="2022-10-30T16:01:44 IST" name="login" finished-at="2022-10-30T16:02:06 IST" duration-ms="21613" status="PASS">
          <reporter-output>
          </reporter-output>
        </test-method> <!-- login -->
      </class> <!-- jenkinsseleniumproject.AmazonPage -->
    </test> <!-- Default test -->
  </suite> <!-- Default suite -->
</testng-results>
